<?xml version="1.0" encoding="UTF-8"?>
<!-- Generated by org.testng.reporters.JUnitReportReporter -->
<testsuite hostname="DESKTOP-QJIVS98" failures="0" tests="3" name="com.basic.Automatewebapplication" time="15.614" errors="0" timestamp="2022-10-11T20:52:16 IST" skipped="0">
  <testcase classname="com.basic.Automatewebapplication" name="loadtime" time="0.105"/>
  <system-out/>
  <testcase classname="com.basic.Automatewebapplication" name="search" time="9.363"/>
  <system-out/>
  <testcase classname="com.basic.Automatewebapplication" name="scroll" time="6.146"/>
  <system-out/>
</testsuite> <!-- com.basic.Automatewebapplication -->
