<?xml version="1.0" encoding="UTF-8"?>
<!-- Generated by org.testng.reporters.JUnitReportReporter -->
<testsuite hostname="DESKTOP-QJIVS98" failures="0" tests="3" name="com.basic.Application" time="27.925" errors="0" timestamp="2022-10-07T18:03:45 IST" skipped="0">
  <testcase classname="com.basic.Application" name="signupform" time="14.816"/>
  <system-out/>
  <testcase classname="com.basic.Application" name="Login" time="9.469"/>
  <system-out/>
  <testcase classname="com.basic.Application" name="Addtocart" time="3.640"/>
  <system-out/>
</testsuite> <!-- com.basic.Application -->
