<?xml version="1.0" encoding="UTF-8"?>
<!-- Generated by org.testng.reporters.JUnitReportReporter -->
<testsuite hostname="DESKTOP-QJIVS98" failures="0" tests="3" name="application" time="12.578" errors="0" timestamp="2022-10-11T20:44:17 IST" skipped="0">
  <testcase classname="application" name="loadtime" time="0.105"/>
  <system-out/>
  <testcase classname="application" name="search" time="6.321"/>
  <system-out/>
  <testcase classname="application" name="scroll" time="6.152"/>
  <system-out/>
</testsuite> <!-- application -->
