<?xml version="1.0" encoding="UTF-8"?>
<!-- Generated by org.testng.reporters.JUnitReportReporter -->
<testsuite hostname="DESKTOP-QJIVS98" failures="0" tests="3" name="com.basic.Automatewebapplication" time="15.632" errors="0" timestamp="2022-10-11T21:13:46 IST" skipped="0">
  <testcase classname="com.basic.Automatewebapplication" name="loadtime" time="0.099"/>
  <system-out/>
  <testcase classname="com.basic.Automatewebapplication" name="search" time="9.391"/>
  <system-out/>
  <testcase classname="com.basic.Automatewebapplication" name="scroll" time="6.142"/>
  <system-out/>
</testsuite> <!-- com.basic.Automatewebapplication -->
