<?xml version="1.0" encoding="UTF-8"?>
<!-- Generated by org.testng.reporters.JUnitReportReporter -->
<testsuite hostname="DESKTOP-QJIVS98" failures="0" tests="1" name="com.basic.Login" time="17.337" errors="0" timestamp="2022-10-07T15:27:30 IST" skipped="0">
  <testcase classname="com.basic.Login" name="login" time="17.337"/>
  <system-out/>
</testsuite> <!-- com.basic.Login -->
