<?xml version="1.0" encoding="UTF-8"?>
<!-- Generated by org.testng.reporters.JUnitReportReporter -->
<testsuite hostname="DESKTOP-QJIVS98" failures="0" tests="3" name="loanapplications.HomeLoanApplicationTests" time="0.019" errors="0" timestamp="2022-10-07T16:45:18 IST" skipped="0">
  <testcase classname="loanapplications.HomeLoanApplicationTests" name="APIHomeLoan" time="0.006"/>
  <system-out/>
  <testcase classname="loanapplications.HomeLoanApplicationTests" name="MobileHomeLoan" time="0.009"/>
  <system-out/>
  <testcase classname="loanapplications.HomeLoanApplicationTests" name="WebHomeLoan" time="0.004"/>
  <system-out/>
</testsuite> <!-- loanapplications.HomeLoanApplicationTests -->
