<?xml version="1.0" encoding="UTF-8"?>
<!-- Generated by org.testng.reporters.JUnitReportReporter -->
<testsuite hostname="DESKTOP-QJIVS98" failures="0" tests="3" name="com.basic.Automatewebapplication" time="15.915" errors="0" timestamp="2022-10-11T20:30:14 IST" skipped="0">
  <testcase classname="com.basic.Automatewebapplication" name="loadtime" time="0.280"/>
  <system-out/>
  <testcase classname="com.basic.Automatewebapplication" name="search" time="9.498"/>
  <system-out/>
  <testcase classname="com.basic.Automatewebapplication" name="scroll" time="6.137"/>
  <system-out/>
</testsuite> <!-- com.basic.Automatewebapplication -->
